<?xml version="1.0" encoding="UTF-8"?>
<testsuite name="com.jojoIde.book.springboot.web.IndexControllerTest" tests="1" skipped="0" failures="0" errors="0" timestamp="2020-02-19T04:52:32" hostname="DESKTOP-E51B16S" time="0.209">
  <properties/>
  <testcase name="메인페이지_로딩" classname="com.jojoIde.book.springboot.web.IndexControllerTest" time="0.209"/>
  <system-out><![CDATA[2020-02-19 13:52:30.560  INFO 20624 --- [    Test worker] .b.t.c.SpringBootTestContextBootstrapper : Neither @ContextConfiguration nor @ContextHierarchy found for test class [com.jojoIde.book.springboot.web.IndexControllerTest], using SpringBootContextLoader
2020-02-19 13:52:30.562  INFO 20624 --- [    Test worker] o.s.t.c.support.AbstractContextLoader    : Could not detect default resource locations for test class [com.jojoIde.book.springboot.web.IndexControllerTest]: no resource found for suffixes {-context.xml, Context.groovy}.
2020-02-19 13:52:30.562  INFO 20624 --- [    Test worker] t.c.s.AnnotationConfigContextLoaderUtils : Could not detect default configuration classes for test class [com.jojoIde.book.springboot.web.IndexControllerTest]: IndexControllerTest does not declare any static, non-private, non-final, nested classes annotated with @Configuration.
2020-02-19 13:52:30.565  INFO 20624 --- [    Test worker] .b.t.c.SpringBootTestContextBootstrapper : Found @SpringBootConfiguration com.jojoIde.book.springboot.Application for test class com.jojoIde.book.springboot.web.IndexControllerTest
2020-02-19 13:52:30.567  INFO 20624 --- [    Test worker] .b.t.c.SpringBootTestContextBootstrapper : Loaded default TestExecutionListener class names from location [META-INF/spring.factories]: [org.springframework.security.test.context.support.WithSecurityContextTestExecutionListener, org.springframework.security.test.context.support.ReactorContextTestExecutionListener, org.springframework.boot.test.autoconfigure.restdocs.RestDocsTestExecutionListener, org.springframework.boot.test.autoconfigure.web.client.MockRestServiceServerResetTestExecutionListener, org.springframework.boot.test.autoconfigure.web.servlet.MockMvcPrintOnlyOnFailureTestExecutionListener, org.springframework.boot.test.autoconfigure.web.servlet.WebDriverTestExecutionListener, org.springframework.boot.test.mock.mockito.MockitoTestExecutionListener, org.springframework.boot.test.mock.mockito.ResetMocksTestExecutionListener, org.springframework.test.context.web.ServletTestExecutionListener, org.springframework.test.context.support.DirtiesContextBeforeModesTestExecutionListener, org.springframework.test.context.support.DependencyInjectionTestExecutionListener, org.springframework.test.context.support.DirtiesContextTestExecutionListener, org.springframework.test.context.transaction.TransactionalTestExecutionListener, org.springframework.test.context.jdbc.SqlScriptsTestExecutionListener]
2020-02-19 13:52:30.570  INFO 20624 --- [    Test worker] .b.t.c.SpringBootTestContextBootstrapper : Using TestExecutionListeners: [org.springframework.test.context.web.ServletTestExecutionListener@61af0fdc, org.springframework.test.context.support.DirtiesContextBeforeModesTestExecutionListener@567c4b74, org.springframework.boot.test.mock.mockito.MockitoTestExecutionListener@674b9a39, org.springframework.boot.test.autoconfigure.SpringBootDependencyInjectionTestExecutionListener@74d39d2f, org.springframework.test.context.support.DirtiesContextTestExecutionListener@6d9bad86, org.springframework.test.context.transaction.TransactionalTestExecutionListener@59087caa, org.springframework.test.context.jdbc.SqlScriptsTestExecutionListener@6229bfe0, org.springframework.security.test.context.support.WithSecurityContextTestExecutionListener@afb7c6f, org.springframework.security.test.context.support.ReactorContextTestExecutionListener@3a3c172b, org.springframework.boot.test.autoconfigure.restdocs.RestDocsTestExecutionListener@20cbd1ea, org.springframework.boot.test.autoconfigure.web.client.MockRestServiceServerResetTestExecutionListener@fb2bcac, org.springframework.boot.test.autoconfigure.web.servlet.MockMvcPrintOnlyOnFailureTestExecutionListener@5e7bb131, org.springframework.boot.test.autoconfigure.web.servlet.WebDriverTestExecutionListener@424709a, org.springframework.boot.test.mock.mockito.ResetMocksTestExecutionListener@7a1ea575]

  .   ____          _            __ _ _
 /\\ / ___'_ __ _ _(_)_ __  __ _ \ \ \ \
( ( )\___ | '_ | '_| | '_ \/ _` | \ \ \ \
 \\/  ___)| |_)| | | | | || (_| |  ) ) ) )
  '  |____| .__|_| |_|_| |_\__, | / / / /
 =========|_|==============|___/=/_/_/_/
 :: Spring Boot ::        (v2.1.7.RELEASE)

2020-02-19 13:52:30.619  INFO 20624 --- [    Test worker] c.j.b.s.web.IndexControllerTest          : Starting IndexControllerTest on DESKTOP-E51B16S with PID 20624 (started by SEO in D:\expworkspace)
2020-02-19 13:52:30.619  INFO 20624 --- [    Test worker] c.j.b.s.web.IndexControllerTest          : No active profile set, falling back to default profiles: default
2020-02-19 13:52:30.868  INFO 20624 --- [    Test worker] .s.d.r.c.RepositoryConfigurationDelegate : Bootstrapping Spring Data repositories in DEFAULT mode.
2020-02-19 13:52:30.883  INFO 20624 --- [    Test worker] .s.d.r.c.RepositoryConfigurationDelegate : Finished Spring Data repository scanning in 15ms. Found 2 repository interfaces.
2020-02-19 13:52:30.986  INFO 20624 --- [    Test worker] trationDelegate$BeanPostProcessorChecker : Bean 'org.springframework.transaction.annotation.ProxyTransactionManagementConfiguration' of type [org.springframework.transaction.annotation.ProxyTransactionManagementConfiguration$$EnhancerBySpringCGLIB$$efc4ac21] is not eligible for getting processed by all BeanPostProcessors (for example: not eligible for auto-proxying)
2020-02-19 13:52:31.245  INFO 20624 --- [    Test worker] o.s.b.w.embedded.tomcat.TomcatWebServer  : Tomcat initialized with port(s): 0 (http)
2020-02-19 13:52:31.281  INFO 20624 --- [    Test worker] o.apache.catalina.core.StandardService   : Starting service [Tomcat]
2020-02-19 13:52:31.282  INFO 20624 --- [    Test worker] org.apache.catalina.core.StandardEngine  : Starting Servlet engine: [Apache Tomcat/9.0.22]
2020-02-19 13:52:31.469  INFO 20624 --- [    Test worker] o.a.c.c.C.[Tomcat].[localhost].[/]       : Initializing Spring embedded WebApplicationContext
2020-02-19 13:52:31.469  INFO 20624 --- [    Test worker] o.s.web.context.ContextLoader            : Root WebApplicationContext: initialization completed in 847 ms
2020-02-19 13:52:31.677  INFO 20624 --- [    Test worker] com.zaxxer.hikari.HikariDataSource       : HikariPool-2 - Starting...
2020-02-19 13:52:31.678  INFO 20624 --- [    Test worker] com.zaxxer.hikari.HikariDataSource       : HikariPool-2 - Start completed.
2020-02-19 13:52:31.710  INFO 20624 --- [    Test worker] o.hibernate.jpa.internal.util.LogHelper  : HHH000204: Processing PersistenceUnitInfo [
	name: default
	...]
2020-02-19 13:52:31.717  INFO 20624 --- [    Test worker] org.hibernate.dialect.Dialect            : HHH000400: Using dialect: org.hibernate.dialect.MySQL5InnoDBDialect
Hibernate: drop table if exists posts
Hibernate: drop table if exists user
Hibernate: create table posts (id bigint not null auto_increment, create_date datetime, modified_date datetime, author varchar(255), content TEXT not null, title varchar(500) not null, primary key (id)) engine=InnoDB
Hibernate: create table user (id bigint not null auto_increment, email varchar(255) not null, name varchar(255) not null, picture varchar(255), role varchar(255) not null, primary key (id)) engine=InnoDB
2020-02-19 13:52:31.775  INFO 20624 --- [    Test worker] o.h.t.schema.internal.SchemaCreatorImpl  : HHH000476: Executing import script 'org.hibernate.tool.schema.internal.exec.ScriptSourceInputNonExistentImpl@5ec2530a'
2020-02-19 13:52:31.775  INFO 20624 --- [    Test worker] j.LocalContainerEntityManagerFactoryBean : Initialized JPA EntityManagerFactory for persistence unit 'default'
2020-02-19 13:52:32.101  INFO 20624 --- [    Test worker] o.h.h.i.QueryTranslatorFactoryInitiator  : HHH000397: Using ASTQueryTranslatorFactory
2020-02-19 13:52:32.231  INFO 20624 --- [    Test worker] o.s.s.web.DefaultSecurityFilterChain     : Creating filter chain: any request, [org.springframework.security.web.context.request.async.WebAsyncManagerIntegrationFilter@5c067534, org.springframework.security.web.context.SecurityContextPersistenceFilter@45841478, org.springframework.security.web.header.HeaderWriterFilter@578d4d1c, org.springframework.security.web.authentication.logout.LogoutFilter@6d00f241, org.springframework.security.oauth2.client.web.OAuth2AuthorizationRequestRedirectFilter@489a644d, org.springframework.security.oauth2.client.web.OAuth2LoginAuthenticationFilter@7477ca5f, org.springframework.security.web.authentication.ui.DefaultLoginPageGeneratingFilter@8c210f5, org.springframework.security.web.authentication.ui.DefaultLogoutPageGeneratingFilter@6ccda94a, org.springframework.security.web.savedrequest.RequestCacheAwareFilter@77d135b0, org.springframework.security.web.servletapi.SecurityContextHolderAwareRequestFilter@4a8963fb, org.springframework.security.web.authentication.AnonymousAuthenticationFilter@77ee1092, org.springframework.security.web.session.SessionManagementFilter@661493ac, org.springframework.security.web.access.ExceptionTranslationFilter@1166e26, org.springframework.security.web.access.intercept.FilterSecurityInterceptor@7d19ac42]
2020-02-19 13:52:32.412  INFO 20624 --- [    Test worker] o.s.s.concurrent.ThreadPoolTaskExecutor  : Initializing ExecutorService 'applicationTaskExecutor'
2020-02-19 13:52:32.427  WARN 20624 --- [    Test worker] aWebConfiguration$JpaWebMvcConfiguration : spring.jpa.open-in-view is enabled by default. Therefore, database queries may be performed during view rendering. Explicitly configure spring.jpa.open-in-view to disable this warning
2020-02-19 13:52:32.451  INFO 20624 --- [    Test worker] o.s.b.a.w.s.WelcomePageHandlerMapping    : Adding welcome page template: index
2020-02-19 13:52:32.735  INFO 20624 --- [    Test worker] s.a.ScheduledAnnotationBeanPostProcessor : No TaskScheduler/ScheduledExecutorService bean found for scheduled processing
2020-02-19 13:52:32.773  INFO 20624 --- [    Test worker] o.s.b.w.embedded.tomcat.TomcatWebServer  : Tomcat started on port(s): 57369 (http) with context path ''
2020-02-19 13:52:32.774  INFO 20624 --- [    Test worker] c.j.b.s.web.IndexControllerTest          : Started IndexControllerTest in 2.2 seconds (JVM running for 11.492)
2020-02-19 13:52:32.870  INFO 20624 --- [o-auto-1-exec-1] o.a.c.c.C.[Tomcat].[localhost].[/]       : Initializing Spring DispatcherServlet 'dispatcherServlet'
2020-02-19 13:52:32.870  INFO 20624 --- [o-auto-1-exec-1] o.s.web.servlet.DispatcherServlet        : Initializing Servlet 'dispatcherServlet'
2020-02-19 13:52:32.895  INFO 20624 --- [o-auto-1-exec-1] o.s.web.servlet.DispatcherServlet        : Completed initialization in 25 ms
Hibernate: select posts0_.id as id1_0_, posts0_.create_date as create_d2_0_, posts0_.modified_date as modified3_0_, posts0_.author as author4_0_, posts0_.content as content5_0_, posts0_.title as title6_0_ from posts posts0_ order by posts0_.id DESC
]]></system-out>
  <system-err><![CDATA[]]></system-err>
</testsuite>
