<?xml version="1.0" encoding="UTF-8"?>
<testsuite name="com.jojoIde.book.springboot.web.IndexControllerTest" tests="1" skipped="0" failures="0" errors="0" timestamp="2020-02-21T07:23:49" hostname="DESKTOP-E51B16S" time="0.379">
  <properties/>
  <testcase name="메인페이지_로딩" classname="com.jojoIde.book.springboot.web.IndexControllerTest" time="0.379"/>
  <system-out><![CDATA[2020-02-21 16:23:46.798  INFO 22076 --- [    Test worker] .b.t.c.SpringBootTestContextBootstrapper : Neither @ContextConfiguration nor @ContextHierarchy found for test class [com.jojoIde.book.springboot.web.IndexControllerTest], using SpringBootContextLoader
2020-02-21 16:23:46.799  INFO 22076 --- [    Test worker] o.s.t.c.support.AbstractContextLoader    : Could not detect default resource locations for test class [com.jojoIde.book.springboot.web.IndexControllerTest]: no resource found for suffixes {-context.xml, Context.groovy}.
2020-02-21 16:23:46.799  INFO 22076 --- [    Test worker] t.c.s.AnnotationConfigContextLoaderUtils : Could not detect default configuration classes for test class [com.jojoIde.book.springboot.web.IndexControllerTest]: IndexControllerTest does not declare any static, non-private, non-final, nested classes annotated with @Configuration.
2020-02-21 16:23:46.820  INFO 22076 --- [    Test worker] .b.t.c.SpringBootTestContextBootstrapper : Found @SpringBootConfiguration com.jojoIde.book.springboot.Application for test class com.jojoIde.book.springboot.web.IndexControllerTest
2020-02-21 16:23:46.823  INFO 22076 --- [    Test worker] .b.t.c.SpringBootTestContextBootstrapper : Loaded default TestExecutionListener class names from location [META-INF/spring.factories]: [org.springframework.security.test.context.support.WithSecurityContextTestExecutionListener, org.springframework.security.test.context.support.ReactorContextTestExecutionListener, org.springframework.boot.test.autoconfigure.restdocs.RestDocsTestExecutionListener, org.springframework.boot.test.autoconfigure.web.client.MockRestServiceServerResetTestExecutionListener, org.springframework.boot.test.autoconfigure.web.servlet.MockMvcPrintOnlyOnFailureTestExecutionListener, org.springframework.boot.test.autoconfigure.web.servlet.WebDriverTestExecutionListener, org.springframework.boot.test.mock.mockito.MockitoTestExecutionListener, org.springframework.boot.test.mock.mockito.ResetMocksTestExecutionListener, org.springframework.test.context.web.ServletTestExecutionListener, org.springframework.test.context.support.DirtiesContextBeforeModesTestExecutionListener, org.springframework.test.context.support.DependencyInjectionTestExecutionListener, org.springframework.test.context.support.DirtiesContextTestExecutionListener, org.springframework.test.context.transaction.TransactionalTestExecutionListener, org.springframework.test.context.jdbc.SqlScriptsTestExecutionListener]
2020-02-21 16:23:46.824  INFO 22076 --- [    Test worker] .b.t.c.SpringBootTestContextBootstrapper : Using TestExecutionListeners: [org.springframework.test.context.web.ServletTestExecutionListener@60fc8396, org.springframework.test.context.support.DirtiesContextBeforeModesTestExecutionListener@69ef03b1, org.springframework.boot.test.mock.mockito.MockitoTestExecutionListener@3ec134a1, org.springframework.boot.test.autoconfigure.SpringBootDependencyInjectionTestExecutionListener@74a8a5df, org.springframework.test.context.support.DirtiesContextTestExecutionListener@704c68ef, org.springframework.test.context.transaction.TransactionalTestExecutionListener@61af0fdc, org.springframework.test.context.jdbc.SqlScriptsTestExecutionListener@567c4b74, org.springframework.security.test.context.support.WithSecurityContextTestExecutionListener@674b9a39, org.springframework.security.test.context.support.ReactorContextTestExecutionListener@74d39d2f, org.springframework.boot.test.autoconfigure.restdocs.RestDocsTestExecutionListener@6d9bad86, org.springframework.boot.test.autoconfigure.web.client.MockRestServiceServerResetTestExecutionListener@59087caa, org.springframework.boot.test.autoconfigure.web.servlet.MockMvcPrintOnlyOnFailureTestExecutionListener@6229bfe0, org.springframework.boot.test.autoconfigure.web.servlet.WebDriverTestExecutionListener@afb7c6f, org.springframework.boot.test.mock.mockito.ResetMocksTestExecutionListener@3a3c172b]

  .   ____          _            __ _ _
 /\\ / ___'_ __ _ _(_)_ __  __ _ \ \ \ \
( ( )\___ | '_ | '_| | '_ \/ _` | \ \ \ \
 \\/  ___)| |_)| | | | | || (_| |  ) ) ) )
  '  |____| .__|_| |_|_| |_\__, | / / / /
 =========|_|==============|___/=/_/_/_/
 :: Spring Boot ::        (v2.1.7.RELEASE)

2020-02-21 16:23:46.862  INFO 22076 --- [    Test worker] c.j.b.s.web.IndexControllerTest          : Starting IndexControllerTest on DESKTOP-E51B16S with PID 22076 (started by SEO in D:\expworkspace)
2020-02-21 16:23:46.863  INFO 22076 --- [    Test worker] c.j.b.s.web.IndexControllerTest          : No active profile set, falling back to default profiles: default
2020-02-21 16:23:47.092  INFO 22076 --- [    Test worker] .s.d.r.c.RepositoryConfigurationDelegate : Bootstrapping Spring Data repositories in DEFAULT mode.
2020-02-21 16:23:47.109  INFO 22076 --- [    Test worker] .s.d.r.c.RepositoryConfigurationDelegate : Finished Spring Data repository scanning in 17ms. Found 2 repository interfaces.
2020-02-21 16:23:47.288  INFO 22076 --- [    Test worker] trationDelegate$BeanPostProcessorChecker : Bean 'org.springframework.transaction.annotation.ProxyTransactionManagementConfiguration' of type [org.springframework.transaction.annotation.ProxyTransactionManagementConfiguration$$EnhancerBySpringCGLIB$$6ec6942c] is not eligible for getting processed by all BeanPostProcessors (for example: not eligible for auto-proxying)
2020-02-21 16:23:47.655  INFO 22076 --- [    Test worker] o.s.b.w.embedded.tomcat.TomcatWebServer  : Tomcat initialized with port(s): 0 (http)
2020-02-21 16:23:47.696  INFO 22076 --- [    Test worker] o.apache.catalina.core.StandardService   : Starting service [Tomcat]
2020-02-21 16:23:47.697  INFO 22076 --- [    Test worker] org.apache.catalina.core.StandardEngine  : Starting Servlet engine: [Apache Tomcat/9.0.22]
2020-02-21 16:23:47.942  INFO 22076 --- [    Test worker] o.a.c.c.C.[Tomcat].[localhost].[/]       : Initializing Spring embedded WebApplicationContext
2020-02-21 16:23:47.942  INFO 22076 --- [    Test worker] o.s.web.context.ContextLoader            : Root WebApplicationContext: initialization completed in 1077 ms
2020-02-21 16:23:48.160  INFO 22076 --- [    Test worker] com.zaxxer.hikari.HikariDataSource       : HikariPool-2 - Starting...
2020-02-21 16:23:48.162  INFO 22076 --- [    Test worker] com.zaxxer.hikari.HikariDataSource       : HikariPool-2 - Start completed.
2020-02-21 16:23:48.204  INFO 22076 --- [    Test worker] o.hibernate.jpa.internal.util.LogHelper  : HHH000204: Processing PersistenceUnitInfo [
	name: default
	...]
2020-02-21 16:23:48.212  INFO 22076 --- [    Test worker] org.hibernate.dialect.Dialect            : HHH000400: Using dialect: org.hibernate.dialect.MySQL5InnoDBDialect
Hibernate: drop table if exists posts
Hibernate: drop table if exists user
Hibernate: create table posts (id bigint not null auto_increment, create_date datetime, modified_date datetime, author varchar(255), content TEXT not null, title varchar(500) not null, primary key (id)) engine=InnoDB
Hibernate: create table user (id bigint not null auto_increment, email varchar(255) not null, name varchar(255) not null, picture varchar(255), role varchar(255) not null, primary key (id)) engine=InnoDB
2020-02-21 16:23:48.360  INFO 22076 --- [    Test worker] o.h.t.schema.internal.SchemaCreatorImpl  : HHH000476: Executing import script 'org.hibernate.tool.schema.internal.exec.ScriptSourceInputNonExistentImpl@5865e0d2'
2020-02-21 16:23:48.361  INFO 22076 --- [    Test worker] j.LocalContainerEntityManagerFactoryBean : Initialized JPA EntityManagerFactory for persistence unit 'default'
2020-02-21 16:23:48.812  INFO 22076 --- [    Test worker] o.h.h.i.QueryTranslatorFactoryInitiator  : HHH000397: Using ASTQueryTranslatorFactory
2020-02-21 16:23:48.996  INFO 22076 --- [    Test worker] o.s.s.web.DefaultSecurityFilterChain     : Creating filter chain: any request, [org.springframework.security.web.context.request.async.WebAsyncManagerIntegrationFilter@2aa2ce77, org.springframework.security.web.context.SecurityContextPersistenceFilter@5d0d84ad, org.springframework.security.web.header.HeaderWriterFilter@2bf7e076, org.springframework.security.web.authentication.logout.LogoutFilter@661493ac, org.springframework.security.oauth2.client.web.OAuth2AuthorizationRequestRedirectFilter@15551589, org.springframework.security.oauth2.client.web.OAuth2LoginAuthenticationFilter@717899dd, org.springframework.security.web.authentication.ui.DefaultLoginPageGeneratingFilter@578d4d1c, org.springframework.security.web.authentication.ui.DefaultLogoutPageGeneratingFilter@40dd008d, org.springframework.security.web.savedrequest.RequestCacheAwareFilter@1576c8ae, org.springframework.security.web.servletapi.SecurityContextHolderAwareRequestFilter@1166e26, org.springframework.security.web.authentication.AnonymousAuthenticationFilter@7d19ac42, org.springframework.security.web.session.SessionManagementFilter@bacee6, org.springframework.security.web.access.ExceptionTranslationFilter@4611d446, org.springframework.security.web.access.intercept.FilterSecurityInterceptor@58e65e70]
2020-02-21 16:23:49.191  INFO 22076 --- [    Test worker] o.s.s.concurrent.ThreadPoolTaskExecutor  : Initializing ExecutorService 'applicationTaskExecutor'
2020-02-21 16:23:49.204  WARN 22076 --- [    Test worker] aWebConfiguration$JpaWebMvcConfiguration : spring.jpa.open-in-view is enabled by default. Therefore, database queries may be performed during view rendering. Explicitly configure spring.jpa.open-in-view to disable this warning
2020-02-21 16:23:49.230  INFO 22076 --- [    Test worker] o.s.b.a.w.s.WelcomePageHandlerMapping    : Adding welcome page template: index
2020-02-21 16:23:49.508  INFO 22076 --- [    Test worker] s.a.ScheduledAnnotationBeanPostProcessor : No TaskScheduler/ScheduledExecutorService bean found for scheduled processing
2020-02-21 16:23:49.598  INFO 22076 --- [    Test worker] o.s.b.w.embedded.tomcat.TomcatWebServer  : Tomcat started on port(s): 50957 (http) with context path ''
2020-02-21 16:23:49.599  INFO 22076 --- [    Test worker] c.j.b.s.web.IndexControllerTest          : Started IndexControllerTest in 2.772 seconds (JVM running for 13.84)
2020-02-21 16:23:49.782  INFO 22076 --- [o-auto-1-exec-1] o.a.c.c.C.[Tomcat].[localhost].[/]       : Initializing Spring DispatcherServlet 'dispatcherServlet'
2020-02-21 16:23:49.782  INFO 22076 --- [o-auto-1-exec-1] o.s.web.servlet.DispatcherServlet        : Initializing Servlet 'dispatcherServlet'
2020-02-21 16:23:49.807  INFO 22076 --- [o-auto-1-exec-1] o.s.web.servlet.DispatcherServlet        : Completed initialization in 25 ms
Hibernate: select posts0_.id as id1_0_, posts0_.create_date as create_d2_0_, posts0_.modified_date as modified3_0_, posts0_.author as author4_0_, posts0_.content as content5_0_, posts0_.title as title6_0_ from posts posts0_ order by posts0_.id DESC
]]></system-out>
  <system-err><![CDATA[]]></system-err>
</testsuite>
