<?xml version="1.0" encoding="UTF-8"?>
<testsuite name="com.jojoIde.book.springboot.web.HelloControllerTest" tests="2" skipped="0" failures="0" errors="0" timestamp="2020-02-21T07:23:46" hostname="DESKTOP-E51B16S" time="0.43">
  <properties/>
  <testcase name="hello가_리턴된다" classname="com.jojoIde.book.springboot.web.HelloControllerTest" time="0.335"/>
  <testcase name="helloDto가_리턴된다" classname="com.jojoIde.book.springboot.web.HelloControllerTest" time="0.095"/>
  <system-out><![CDATA[2020-02-21 16:23:44.327  INFO 22076 --- [    Test worker] .b.t.a.w.s.WebMvcTestContextBootstrapper : Neither @ContextConfiguration nor @ContextHierarchy found for test class [com.jojoIde.book.springboot.web.HelloControllerTest], using SpringBootContextLoader
2020-02-21 16:23:44.328  INFO 22076 --- [    Test worker] o.s.t.c.support.AbstractContextLoader    : Could not detect default resource locations for test class [com.jojoIde.book.springboot.web.HelloControllerTest]: no resource found for suffixes {-context.xml, Context.groovy}.
2020-02-21 16:23:44.328  INFO 22076 --- [    Test worker] t.c.s.AnnotationConfigContextLoaderUtils : Could not detect default configuration classes for test class [com.jojoIde.book.springboot.web.HelloControllerTest]: HelloControllerTest does not declare any static, non-private, non-final, nested classes annotated with @Configuration.
2020-02-21 16:23:44.376  INFO 22076 --- [    Test worker] .b.t.c.SpringBootTestContextBootstrapper : Found @SpringBootConfiguration com.jojoIde.book.springboot.Application for test class com.jojoIde.book.springboot.web.HelloControllerTest
2020-02-21 16:23:44.378  INFO 22076 --- [    Test worker] .b.t.a.w.s.WebMvcTestContextBootstrapper : Loaded default TestExecutionListener class names from location [META-INF/spring.factories]: [org.springframework.security.test.context.support.WithSecurityContextTestExecutionListener, org.springframework.security.test.context.support.ReactorContextTestExecutionListener, org.springframework.boot.test.autoconfigure.restdocs.RestDocsTestExecutionListener, org.springframework.boot.test.autoconfigure.web.client.MockRestServiceServerResetTestExecutionListener, org.springframework.boot.test.autoconfigure.web.servlet.MockMvcPrintOnlyOnFailureTestExecutionListener, org.springframework.boot.test.autoconfigure.web.servlet.WebDriverTestExecutionListener, org.springframework.boot.test.mock.mockito.MockitoTestExecutionListener, org.springframework.boot.test.mock.mockito.ResetMocksTestExecutionListener, org.springframework.test.context.web.ServletTestExecutionListener, org.springframework.test.context.support.DirtiesContextBeforeModesTestExecutionListener, org.springframework.test.context.support.DependencyInjectionTestExecutionListener, org.springframework.test.context.support.DirtiesContextTestExecutionListener, org.springframework.test.context.transaction.TransactionalTestExecutionListener, org.springframework.test.context.jdbc.SqlScriptsTestExecutionListener]
2020-02-21 16:23:44.380  INFO 22076 --- [    Test worker] .b.t.a.w.s.WebMvcTestContextBootstrapper : Using TestExecutionListeners: [org.springframework.test.context.web.ServletTestExecutionListener@4e012e42, org.springframework.test.context.support.DirtiesContextBeforeModesTestExecutionListener@55cd3f40, org.springframework.boot.test.mock.mockito.MockitoTestExecutionListener@5e784d86, org.springframework.boot.test.autoconfigure.SpringBootDependencyInjectionTestExecutionListener@1b46c7aa, org.springframework.test.context.support.DirtiesContextTestExecutionListener@5cf299be, org.springframework.test.context.transaction.TransactionalTestExecutionListener@60799a5f, org.springframework.test.context.jdbc.SqlScriptsTestExecutionListener@7cf1efab, org.springframework.security.test.context.support.WithSecurityContextTestExecutionListener@51270c08, org.springframework.security.test.context.support.ReactorContextTestExecutionListener@19d040fb, org.springframework.boot.test.autoconfigure.restdocs.RestDocsTestExecutionListener@35578afc, org.springframework.boot.test.autoconfigure.web.client.MockRestServiceServerResetTestExecutionListener@4628b74a, org.springframework.boot.test.autoconfigure.web.servlet.MockMvcPrintOnlyOnFailureTestExecutionListener@2f86a4cb, org.springframework.boot.test.autoconfigure.web.servlet.WebDriverTestExecutionListener@34caee58, org.springframework.boot.test.mock.mockito.ResetMocksTestExecutionListener@3d439257]

  .   ____          _            __ _ _
 /\\ / ___'_ __ _ _(_)_ __  __ _ \ \ \ \
( ( )\___ | '_ | '_| | '_ \/ _` | \ \ \ \
 \\/  ___)| |_)| | | | | || (_| |  ) ) ) )
  '  |____| .__|_| |_|_| |_\__, | / / / /
 =========|_|==============|___/=/_/_/_/
 :: Spring Boot ::        (v2.1.7.RELEASE)

2020-02-21 16:23:44.452  INFO 22076 --- [    Test worker] c.j.b.s.web.HelloControllerTest          : Starting HelloControllerTest on DESKTOP-E51B16S with PID 22076 (started by SEO in D:\expworkspace)
2020-02-21 16:23:44.465  INFO 22076 --- [    Test worker] c.j.b.s.web.HelloControllerTest          : No active profile set, falling back to default profiles: default
2020-02-21 16:23:45.373  INFO 22076 --- [    Test worker] o.s.s.concurrent.ThreadPoolTaskExecutor  : Initializing ExecutorService 'applicationTaskExecutor'
2020-02-21 16:23:45.413  INFO 22076 --- [    Test worker] o.s.b.a.w.s.WelcomePageHandlerMapping    : Adding welcome page template: index
2020-02-21 16:23:45.749  INFO 22076 --- [    Test worker] .s.s.UserDetailsServiceAutoConfiguration : 

Using generated security password: adde9648-5026-4e26-975d-a6e9e881626f

2020-02-21 16:23:46.186  INFO 22076 --- [    Test worker] o.s.s.web.DefaultSecurityFilterChain     : Creating filter chain: any request, [org.springframework.security.web.context.request.async.WebAsyncManagerIntegrationFilter@7a2e9768, org.springframework.security.web.context.SecurityContextPersistenceFilter@78b62283, org.springframework.security.web.header.HeaderWriterFilter@198781b, org.springframework.security.web.csrf.CsrfFilter@97738aa, org.springframework.security.web.authentication.logout.LogoutFilter@6b7b9de1, org.springframework.security.web.authentication.UsernamePasswordAuthenticationFilter@8053842, org.springframework.security.web.authentication.ui.DefaultLoginPageGeneratingFilter@37cbcd48, org.springframework.security.web.authentication.ui.DefaultLogoutPageGeneratingFilter@437a1d89, org.springframework.security.web.authentication.www.BasicAuthenticationFilter@40cdfb93, org.springframework.security.web.savedrequest.RequestCacheAwareFilter@113852b8, org.springframework.security.web.servletapi.SecurityContextHolderAwareRequestFilter@5322a824, org.springframework.security.web.authentication.AnonymousAuthenticationFilter@6c447716, org.springframework.security.web.session.SessionManagementFilter@311ab2ea, org.springframework.security.web.access.ExceptionTranslationFilter@58662025, org.springframework.security.web.access.intercept.FilterSecurityInterceptor@17cb0f04]
2020-02-21 16:23:46.324  INFO 22076 --- [    Test worker] o.s.b.t.m.w.SpringBootMockServletContext : Initializing Spring TestDispatcherServlet ''
2020-02-21 16:23:46.325  INFO 22076 --- [    Test worker] o.s.t.web.servlet.TestDispatcherServlet  : Initializing Servlet ''
2020-02-21 16:23:46.338  INFO 22076 --- [    Test worker] o.s.t.web.servlet.TestDispatcherServlet  : Completed initialization in 13 ms
2020-02-21 16:23:46.362  INFO 22076 --- [    Test worker] c.j.b.s.web.HelloControllerTest          : Started HelloControllerTest in 1.978 seconds (JVM running for 10.603)
]]></system-out>
  <system-err><![CDATA[]]></system-err>
</testsuite>
