<?xml version="1.0" encoding="UTF-8"?>
<testsuite name="com.jojoIde.book.springboot.web.IndexControllerTest" tests="1" skipped="0" failures="0" errors="0" timestamp="2020-02-19T01:19:59" hostname="DESKTOP-E51B16S" time="0.134">
  <properties/>
  <testcase name="메인페이지_로딩" classname="com.jojoIde.book.springboot.web.IndexControllerTest" time="0.134"/>
  <system-out><![CDATA[2020-02-19 10:19:59.695  INFO 18884 --- [    Test worker] .b.t.c.SpringBootTestContextBootstrapper : Neither @ContextConfiguration nor @ContextHierarchy found for test class [com.jojoIde.book.springboot.web.IndexControllerTest], using SpringBootContextLoader
2020-02-19 10:19:59.696  INFO 18884 --- [    Test worker] o.s.t.c.support.AbstractContextLoader    : Could not detect default resource locations for test class [com.jojoIde.book.springboot.web.IndexControllerTest]: no resource found for suffixes {-context.xml, Context.groovy}.
2020-02-19 10:19:59.697  INFO 18884 --- [    Test worker] t.c.s.AnnotationConfigContextLoaderUtils : Could not detect default configuration classes for test class [com.jojoIde.book.springboot.web.IndexControllerTest]: IndexControllerTest does not declare any static, non-private, non-final, nested classes annotated with @Configuration.
2020-02-19 10:19:59.699  INFO 18884 --- [    Test worker] .b.t.c.SpringBootTestContextBootstrapper : Found @SpringBootConfiguration com.jojoIde.book.springboot.Application for test class com.jojoIde.book.springboot.web.IndexControllerTest
2020-02-19 10:19:59.701  INFO 18884 --- [    Test worker] .b.t.c.SpringBootTestContextBootstrapper : Loaded default TestExecutionListener class names from location [META-INF/spring.factories]: [org.springframework.boot.test.autoconfigure.restdocs.RestDocsTestExecutionListener, org.springframework.boot.test.autoconfigure.web.client.MockRestServiceServerResetTestExecutionListener, org.springframework.boot.test.autoconfigure.web.servlet.MockMvcPrintOnlyOnFailureTestExecutionListener, org.springframework.boot.test.autoconfigure.web.servlet.WebDriverTestExecutionListener, org.springframework.boot.test.mock.mockito.MockitoTestExecutionListener, org.springframework.boot.test.mock.mockito.ResetMocksTestExecutionListener, org.springframework.test.context.web.ServletTestExecutionListener, org.springframework.test.context.support.DirtiesContextBeforeModesTestExecutionListener, org.springframework.test.context.support.DependencyInjectionTestExecutionListener, org.springframework.test.context.support.DirtiesContextTestExecutionListener, org.springframework.test.context.transaction.TransactionalTestExecutionListener, org.springframework.test.context.jdbc.SqlScriptsTestExecutionListener]
2020-02-19 10:19:59.702  INFO 18884 --- [    Test worker] .b.t.c.SpringBootTestContextBootstrapper : Using TestExecutionListeners: [org.springframework.test.context.web.ServletTestExecutionListener@4848a8cc, org.springframework.test.context.support.DirtiesContextBeforeModesTestExecutionListener@2878c51, org.springframework.boot.test.mock.mockito.MockitoTestExecutionListener@105ea42f, org.springframework.boot.test.autoconfigure.SpringBootDependencyInjectionTestExecutionListener@1b19ba40, org.springframework.test.context.support.DirtiesContextTestExecutionListener@161a6f27, org.springframework.test.context.transaction.TransactionalTestExecutionListener@28c19cb1, org.springframework.test.context.jdbc.SqlScriptsTestExecutionListener@4ddb2a5a, org.springframework.boot.test.autoconfigure.restdocs.RestDocsTestExecutionListener@1b46421b, org.springframework.boot.test.autoconfigure.web.client.MockRestServiceServerResetTestExecutionListener@5e606503, org.springframework.boot.test.autoconfigure.web.servlet.MockMvcPrintOnlyOnFailureTestExecutionListener@7ae04e6a, org.springframework.boot.test.autoconfigure.web.servlet.WebDriverTestExecutionListener@6e7d3296, org.springframework.boot.test.mock.mockito.ResetMocksTestExecutionListener@4782f3d8]
Hibernate: select posts0_.id as id1_0_, posts0_.create_date as create_d2_0_, posts0_.modified_date as modified3_0_, posts0_.author as author4_0_, posts0_.content as content5_0_, posts0_.title as title6_0_ from posts posts0_ order by posts0_.id DESC
]]></system-out>
  <system-err><![CDATA[]]></system-err>
</testsuite>
