<?xml version="1.0" encoding="UTF-8"?>
<testsuite name="com.jojoIde.book.springboot.web.dto.HelloResponseDtoTest" tests="1" skipped="0" failures="0" errors="0" timestamp="2020-02-19T04:52:30" hostname="DESKTOP-E51B16S" time="0.004">
  <properties/>
  <testcase name="롬복_기능_테스트" classname="com.jojoIde.book.springboot.web.dto.HelloResponseDtoTest" time="0.004"/>
  <system-out><![CDATA[]]></system-out>
  <system-err><![CDATA[]]></system-err>
</testsuite>
