<?xml version="1.0" encoding="UTF-8"?>
<testsuite name="com.jojoIde.book.springboot.web.PostsApiControllerTest" tests="2" skipped="0" failures="0" errors="0" timestamp="2020-02-19T04:52:33" hostname="DESKTOP-E51B16S" time="0.11">
  <properties/>
  <testcase name="Posts_등록된다" classname="com.jojoIde.book.springboot.web.PostsApiControllerTest" time="0.08"/>
  <testcase name="Posts_수정된다" classname="com.jojoIde.book.springboot.web.PostsApiControllerTest" time="0.028"/>
  <system-out><![CDATA[2020-02-19 13:52:32.992  INFO 20624 --- [    Test worker] .b.t.c.SpringBootTestContextBootstrapper : Neither @ContextConfiguration nor @ContextHierarchy found for test class [com.jojoIde.book.springboot.web.PostsApiControllerTest], using SpringBootContextLoader
2020-02-19 13:52:32.993  INFO 20624 --- [    Test worker] o.s.t.c.support.AbstractContextLoader    : Could not detect default resource locations for test class [com.jojoIde.book.springboot.web.PostsApiControllerTest]: no resource found for suffixes {-context.xml, Context.groovy}.
2020-02-19 13:52:32.993  INFO 20624 --- [    Test worker] t.c.s.AnnotationConfigContextLoaderUtils : Could not detect default configuration classes for test class [com.jojoIde.book.springboot.web.PostsApiControllerTest]: PostsApiControllerTest does not declare any static, non-private, non-final, nested classes annotated with @Configuration.
2020-02-19 13:52:32.994  INFO 20624 --- [    Test worker] .b.t.c.SpringBootTestContextBootstrapper : Found @SpringBootConfiguration com.jojoIde.book.springboot.Application for test class com.jojoIde.book.springboot.web.PostsApiControllerTest
2020-02-19 13:52:32.996  INFO 20624 --- [    Test worker] .b.t.c.SpringBootTestContextBootstrapper : Loaded default TestExecutionListener class names from location [META-INF/spring.factories]: [org.springframework.security.test.context.support.WithSecurityContextTestExecutionListener, org.springframework.security.test.context.support.ReactorContextTestExecutionListener, org.springframework.boot.test.autoconfigure.restdocs.RestDocsTestExecutionListener, org.springframework.boot.test.autoconfigure.web.client.MockRestServiceServerResetTestExecutionListener, org.springframework.boot.test.autoconfigure.web.servlet.MockMvcPrintOnlyOnFailureTestExecutionListener, org.springframework.boot.test.autoconfigure.web.servlet.WebDriverTestExecutionListener, org.springframework.boot.test.mock.mockito.MockitoTestExecutionListener, org.springframework.boot.test.mock.mockito.ResetMocksTestExecutionListener, org.springframework.test.context.web.ServletTestExecutionListener, org.springframework.test.context.support.DirtiesContextBeforeModesTestExecutionListener, org.springframework.test.context.support.DependencyInjectionTestExecutionListener, org.springframework.test.context.support.DirtiesContextTestExecutionListener, org.springframework.test.context.transaction.TransactionalTestExecutionListener, org.springframework.test.context.jdbc.SqlScriptsTestExecutionListener]
2020-02-19 13:52:32.997  INFO 20624 --- [    Test worker] .b.t.c.SpringBootTestContextBootstrapper : Using TestExecutionListeners: [org.springframework.test.context.web.ServletTestExecutionListener@51ef02c4, org.springframework.test.context.support.DirtiesContextBeforeModesTestExecutionListener@19bdba15, org.springframework.boot.test.mock.mockito.MockitoTestExecutionListener@7f18cfa3, org.springframework.boot.test.autoconfigure.SpringBootDependencyInjectionTestExecutionListener@6f09d783, org.springframework.test.context.support.DirtiesContextTestExecutionListener@46591184, org.springframework.test.context.transaction.TransactionalTestExecutionListener@32406648, org.springframework.test.context.jdbc.SqlScriptsTestExecutionListener@b9cd274, org.springframework.security.test.context.support.WithSecurityContextTestExecutionListener@2a88b94b, org.springframework.security.test.context.support.ReactorContextTestExecutionListener@24d358af, org.springframework.boot.test.autoconfigure.restdocs.RestDocsTestExecutionListener@1590185b, org.springframework.boot.test.autoconfigure.web.client.MockRestServiceServerResetTestExecutionListener@78f277ef, org.springframework.boot.test.autoconfigure.web.servlet.MockMvcPrintOnlyOnFailureTestExecutionListener@17dfcb5b, org.springframework.boot.test.autoconfigure.web.servlet.WebDriverTestExecutionListener@29f7ef2f, org.springframework.boot.test.mock.mockito.ResetMocksTestExecutionListener@3cb0688a]
2020-02-19 13:52:33.008  INFO 20624 --- [    Test worker] o.a.c.c.C.[Tomcat].[localhost].[/]       : Initializing Spring TestDispatcherServlet ''
2020-02-19 13:52:33.008  INFO 20624 --- [    Test worker] o.s.t.web.servlet.TestDispatcherServlet  : Initializing Servlet ''
2020-02-19 13:52:33.011  INFO 20624 --- [    Test worker] o.s.t.web.servlet.TestDispatcherServlet  : Completed initialization in 3 ms
Hibernate: insert into posts (create_date, modified_date, author, content, title) values (?, ?, ?, ?, ?)
Hibernate: select posts0_.id as id1_0_, posts0_.create_date as create_d2_0_, posts0_.modified_date as modified3_0_, posts0_.author as author4_0_, posts0_.content as content5_0_, posts0_.title as title6_0_ from posts posts0_
2020-02-19 13:52:33.087  INFO 20624 --- [    Test worker] o.a.c.c.C.[Tomcat].[localhost].[/]       : Initializing Spring TestDispatcherServlet ''
2020-02-19 13:52:33.087  INFO 20624 --- [    Test worker] o.s.t.web.servlet.TestDispatcherServlet  : Initializing Servlet ''
2020-02-19 13:52:33.090  INFO 20624 --- [    Test worker] o.s.t.web.servlet.TestDispatcherServlet  : Completed initialization in 3 ms
Hibernate: insert into posts (create_date, modified_date, author, content, title) values (?, ?, ?, ?, ?)
Hibernate: select posts0_.id as id1_0_0_, posts0_.create_date as create_d2_0_0_, posts0_.modified_date as modified3_0_0_, posts0_.author as author4_0_0_, posts0_.content as content5_0_0_, posts0_.title as title6_0_0_ from posts posts0_ where posts0_.id=?
Hibernate: select posts0_.id as id1_0_, posts0_.create_date as create_d2_0_, posts0_.modified_date as modified3_0_, posts0_.author as author4_0_, posts0_.content as content5_0_, posts0_.title as title6_0_ from posts posts0_
]]></system-out>
  <system-err><![CDATA[]]></system-err>
</testsuite>
