<?xml version="1.0" encoding="UTF-8"?>
<testsuite name="com.jojoIde.book.springboot.domain.posts.PostsRepositoryTest" tests="2" skipped="0" failures="0" errors="0" timestamp="2020-02-19T04:52:30" hostname="DESKTOP-E51B16S" time="0.34">
  <properties/>
  <testcase name="게시글저장_불러오기" classname="com.jojoIde.book.springboot.domain.posts.PostsRepositoryTest" time="0.32"/>
  <testcase name="BaseTimeEntity_등록" classname="com.jojoIde.book.springboot.domain.posts.PostsRepositoryTest" time="0.019"/>
  <system-out><![CDATA[2020-02-19 13:52:25.254  INFO 20624 --- [    Test worker] .b.t.c.SpringBootTestContextBootstrapper : Neither @ContextConfiguration nor @ContextHierarchy found for test class [com.jojoIde.book.springboot.domain.posts.PostsRepositoryTest], using SpringBootContextLoader
2020-02-19 13:52:25.255  INFO 20624 --- [    Test worker] o.s.t.c.support.AbstractContextLoader    : Could not detect default resource locations for test class [com.jojoIde.book.springboot.domain.posts.PostsRepositoryTest]: no resource found for suffixes {-context.xml, Context.groovy}.
2020-02-19 13:52:25.255  INFO 20624 --- [    Test worker] t.c.s.AnnotationConfigContextLoaderUtils : Could not detect default configuration classes for test class [com.jojoIde.book.springboot.domain.posts.PostsRepositoryTest]: PostsRepositoryTest does not declare any static, non-private, non-final, nested classes annotated with @Configuration.
2020-02-19 13:52:25.262  INFO 20624 --- [    Test worker] .b.t.c.SpringBootTestContextBootstrapper : Found @SpringBootConfiguration com.jojoIde.book.springboot.Application for test class com.jojoIde.book.springboot.domain.posts.PostsRepositoryTest
2020-02-19 13:52:25.264  INFO 20624 --- [    Test worker] .b.t.c.SpringBootTestContextBootstrapper : Loaded default TestExecutionListener class names from location [META-INF/spring.factories]: [org.springframework.security.test.context.support.WithSecurityContextTestExecutionListener, org.springframework.security.test.context.support.ReactorContextTestExecutionListener, org.springframework.boot.test.autoconfigure.restdocs.RestDocsTestExecutionListener, org.springframework.boot.test.autoconfigure.web.client.MockRestServiceServerResetTestExecutionListener, org.springframework.boot.test.autoconfigure.web.servlet.MockMvcPrintOnlyOnFailureTestExecutionListener, org.springframework.boot.test.autoconfigure.web.servlet.WebDriverTestExecutionListener, org.springframework.boot.test.mock.mockito.MockitoTestExecutionListener, org.springframework.boot.test.mock.mockito.ResetMocksTestExecutionListener, org.springframework.test.context.web.ServletTestExecutionListener, org.springframework.test.context.support.DirtiesContextBeforeModesTestExecutionListener, org.springframework.test.context.support.DependencyInjectionTestExecutionListener, org.springframework.test.context.support.DirtiesContextTestExecutionListener, org.springframework.test.context.transaction.TransactionalTestExecutionListener, org.springframework.test.context.jdbc.SqlScriptsTestExecutionListener]
2020-02-19 13:52:25.265  INFO 20624 --- [    Test worker] .b.t.c.SpringBootTestContextBootstrapper : Using TestExecutionListeners: [org.springframework.test.context.web.ServletTestExecutionListener@a020dc, org.springframework.test.context.support.DirtiesContextBeforeModesTestExecutionListener@32feed25, org.springframework.boot.test.mock.mockito.MockitoTestExecutionListener@3747fadb, org.springframework.boot.test.autoconfigure.SpringBootDependencyInjectionTestExecutionListener@1fa688d8, org.springframework.test.context.support.DirtiesContextTestExecutionListener@1e01ed30, org.springframework.test.context.transaction.TransactionalTestExecutionListener@5bd3bc10, org.springframework.test.context.jdbc.SqlScriptsTestExecutionListener@534a0493, org.springframework.security.test.context.support.WithSecurityContextTestExecutionListener@7881a66a, org.springframework.security.test.context.support.ReactorContextTestExecutionListener@69f8ac27, org.springframework.boot.test.autoconfigure.restdocs.RestDocsTestExecutionListener@2f0dae34, org.springframework.boot.test.autoconfigure.web.client.MockRestServiceServerResetTestExecutionListener@2c6049da, org.springframework.boot.test.autoconfigure.web.servlet.MockMvcPrintOnlyOnFailureTestExecutionListener@59a718ca, org.springframework.boot.test.autoconfigure.web.servlet.WebDriverTestExecutionListener@75920e4d, org.springframework.boot.test.mock.mockito.ResetMocksTestExecutionListener@372c72c5]

  .   ____          _            __ _ _
 /\\ / ___'_ __ _ _(_)_ __  __ _ \ \ \ \
( ( )\___ | '_ | '_| | '_ \/ _` | \ \ \ \
 \\/  ___)| |_)| | | | | || (_| |  ) ) ) )
  '  |____| .__|_| |_|_| |_\__, | / / / /
 =========|_|==============|___/=/_/_/_/
 :: Spring Boot ::        (v2.1.7.RELEASE)

2020-02-19 13:52:25.285  INFO 20624 --- [    Test worker] c.j.b.s.d.posts.PostsRepositoryTest      : Starting PostsRepositoryTest on DESKTOP-E51B16S with PID 20624 (started by SEO in D:\expworkspace)
2020-02-19 13:52:25.286  INFO 20624 --- [    Test worker] c.j.b.s.d.posts.PostsRepositoryTest      : No active profile set, falling back to default profiles: default
2020-02-19 13:52:25.759  INFO 20624 --- [    Test worker] .s.d.r.c.RepositoryConfigurationDelegate : Bootstrapping Spring Data repositories in DEFAULT mode.
2020-02-19 13:52:25.829  INFO 20624 --- [    Test worker] .s.d.r.c.RepositoryConfigurationDelegate : Finished Spring Data repository scanning in 60ms. Found 2 repository interfaces.
2020-02-19 13:52:26.113  INFO 20624 --- [    Test worker] trationDelegate$BeanPostProcessorChecker : Bean 'org.springframework.transaction.annotation.ProxyTransactionManagementConfiguration' of type [org.springframework.transaction.annotation.ProxyTransactionManagementConfiguration$$EnhancerBySpringCGLIB$$efc4ac21] is not eligible for getting processed by all BeanPostProcessors (for example: not eligible for auto-proxying)
2020-02-19 13:52:26.290  INFO 20624 --- [    Test worker] com.zaxxer.hikari.HikariDataSource       : HikariPool-1 - Starting...
2020-02-19 13:52:26.528  INFO 20624 --- [    Test worker] com.zaxxer.hikari.HikariDataSource       : HikariPool-1 - Start completed.
2020-02-19 13:52:26.670  INFO 20624 --- [    Test worker] o.hibernate.jpa.internal.util.LogHelper  : HHH000204: Processing PersistenceUnitInfo [
	name: default
	...]
2020-02-19 13:52:26.813  INFO 20624 --- [    Test worker] org.hibernate.Version                    : HHH000412: Hibernate Core {5.3.10.Final}
2020-02-19 13:52:26.816  INFO 20624 --- [    Test worker] org.hibernate.cfg.Environment            : HHH000206: hibernate.properties not found
2020-02-19 13:52:26.907  INFO 20624 --- [    Test worker] o.hibernate.annotations.common.Version   : HCANN000001: Hibernate Commons Annotations {5.0.4.Final}
2020-02-19 13:52:27.115  INFO 20624 --- [    Test worker] org.hibernate.dialect.Dialect            : HHH000400: Using dialect: org.hibernate.dialect.MySQL5InnoDBDialect
Hibernate: drop table if exists posts
Hibernate: drop table if exists user
Hibernate: create table posts (id bigint not null auto_increment, create_date datetime, modified_date datetime, author varchar(255), content TEXT not null, title varchar(500) not null, primary key (id)) engine=InnoDB
Hibernate: create table user (id bigint not null auto_increment, email varchar(255) not null, name varchar(255) not null, picture varchar(255), role varchar(255) not null, primary key (id)) engine=InnoDB
2020-02-19 13:52:28.043  INFO 20624 --- [    Test worker] o.h.t.schema.internal.SchemaCreatorImpl  : HHH000476: Executing import script 'org.hibernate.tool.schema.internal.exec.ScriptSourceInputNonExistentImpl@5ec2530a'
2020-02-19 13:52:28.046  INFO 20624 --- [    Test worker] j.LocalContainerEntityManagerFactoryBean : Initialized JPA EntityManagerFactory for persistence unit 'default'
2020-02-19 13:52:28.656  INFO 20624 --- [    Test worker] o.h.h.i.QueryTranslatorFactoryInitiator  : HHH000397: Using ASTQueryTranslatorFactory
2020-02-19 13:52:29.008  INFO 20624 --- [    Test worker] o.s.s.web.DefaultSecurityFilterChain     : Creating filter chain: any request, [org.springframework.security.web.context.request.async.WebAsyncManagerIntegrationFilter@f5a84f0, org.springframework.security.web.context.SecurityContextPersistenceFilter@7195004d, org.springframework.security.web.header.HeaderWriterFilter@463c2ef, org.springframework.security.web.authentication.logout.LogoutFilter@10bc455e, org.springframework.security.oauth2.client.web.OAuth2AuthorizationRequestRedirectFilter@36fc4b78, org.springframework.security.oauth2.client.web.OAuth2LoginAuthenticationFilter@42a2a6e6, org.springframework.security.web.authentication.ui.DefaultLoginPageGeneratingFilter@4972b355, org.springframework.security.web.authentication.ui.DefaultLogoutPageGeneratingFilter@4ed36405, org.springframework.security.web.savedrequest.RequestCacheAwareFilter@35dea770, org.springframework.security.web.servletapi.SecurityContextHolderAwareRequestFilter@2f307f9e, org.springframework.security.web.authentication.AnonymousAuthenticationFilter@19916eaf, org.springframework.security.web.session.SessionManagementFilter@314aedc0, org.springframework.security.web.access.ExceptionTranslationFilter@17fa7eb9, org.springframework.security.web.access.intercept.FilterSecurityInterceptor@1cfa695a]
2020-02-19 13:52:29.384  INFO 20624 --- [    Test worker] o.s.s.concurrent.ThreadPoolTaskExecutor  : Initializing ExecutorService 'applicationTaskExecutor'
2020-02-19 13:52:29.404  WARN 20624 --- [    Test worker] aWebConfiguration$JpaWebMvcConfiguration : spring.jpa.open-in-view is enabled by default. Therefore, database queries may be performed during view rendering. Explicitly configure spring.jpa.open-in-view to disable this warning
2020-02-19 13:52:29.463  INFO 20624 --- [    Test worker] o.s.b.a.w.s.WelcomePageHandlerMapping    : Adding welcome page template: index
2020-02-19 13:52:30.186  INFO 20624 --- [    Test worker] s.a.ScheduledAnnotationBeanPostProcessor : No TaskScheduler/ScheduledExecutorService bean found for scheduled processing
2020-02-19 13:52:30.200  INFO 20624 --- [    Test worker] c.j.b.s.d.posts.PostsRepositoryTest      : Started PostsRepositoryTest in 4.933 seconds (JVM running for 8.917)
Hibernate: insert into posts (create_date, modified_date, author, content, title) values (?, ?, ?, ?, ?)
Hibernate: select posts0_.id as id1_0_, posts0_.create_date as create_d2_0_, posts0_.modified_date as modified3_0_, posts0_.author as author4_0_, posts0_.content as content5_0_, posts0_.title as title6_0_ from posts posts0_
Hibernate: select posts0_.id as id1_0_, posts0_.create_date as create_d2_0_, posts0_.modified_date as modified3_0_, posts0_.author as author4_0_, posts0_.content as content5_0_, posts0_.title as title6_0_ from posts posts0_
Hibernate: delete from posts where id=?
Hibernate: insert into posts (create_date, modified_date, author, content, title) values (?, ?, ?, ?, ?)
Hibernate: select posts0_.id as id1_0_, posts0_.create_date as create_d2_0_, posts0_.modified_date as modified3_0_, posts0_.author as author4_0_, posts0_.content as content5_0_, posts0_.title as title6_0_ from posts posts0_
>>>>>>>>>>> createDate = 2020-02-19T13:52:30.531, modifiedDate = 2020-02-19T13:52:30.531
Hibernate: select posts0_.id as id1_0_, posts0_.create_date as create_d2_0_, posts0_.modified_date as modified3_0_, posts0_.author as author4_0_, posts0_.content as content5_0_, posts0_.title as title6_0_ from posts posts0_
Hibernate: delete from posts where id=?
]]></system-out>
  <system-err><![CDATA[]]></system-err>
</testsuite>
