<?xml version="1.0" encoding="UTF-8"?>
<testsuite name="com.jojoIde.book.springboot.web.HelloControllerTest" tests="2" skipped="0" failures="0" errors="0" timestamp="2020-02-19T04:52:24" hostname="DESKTOP-E51B16S" time="0.29">
  <properties/>
  <testcase name="hello가_리턴된다" classname="com.jojoIde.book.springboot.web.HelloControllerTest" time="0.214"/>
  <testcase name="helloDto가_리턴된다" classname="com.jojoIde.book.springboot.web.HelloControllerTest" time="0.075"/>
  <system-out><![CDATA[13:52:22.103 [Test worker] DEBUG org.springframework.test.context.junit4.SpringJUnit4ClassRunner - SpringJUnit4ClassRunner constructor called with [class com.jojoIde.book.springboot.web.HelloControllerTest]
13:52:22.114 [Test worker] DEBUG org.springframework.test.context.BootstrapUtils - Instantiating CacheAwareContextLoaderDelegate from class [org.springframework.test.context.cache.DefaultCacheAwareContextLoaderDelegate]
13:52:22.131 [Test worker] DEBUG org.springframework.test.context.BootstrapUtils - Instantiating BootstrapContext using constructor [public org.springframework.test.context.support.DefaultBootstrapContext(java.lang.Class,org.springframework.test.context.CacheAwareContextLoaderDelegate)]
13:52:22.152 [Test worker] DEBUG org.springframework.test.context.BootstrapUtils - Instantiating TestContextBootstrapper for test class [com.jojoIde.book.springboot.web.HelloControllerTest] from class [org.springframework.boot.test.autoconfigure.web.servlet.WebMvcTestContextBootstrapper]
13:52:22.169 [Test worker] INFO org.springframework.boot.test.autoconfigure.web.servlet.WebMvcTestContextBootstrapper - Neither @ContextConfiguration nor @ContextHierarchy found for test class [com.jojoIde.book.springboot.web.HelloControllerTest], using SpringBootContextLoader
13:52:22.172 [Test worker] DEBUG org.springframework.test.context.support.AbstractContextLoader - Did not detect default resource location for test class [com.jojoIde.book.springboot.web.HelloControllerTest]: class path resource [com/jojoIde/book/springboot/web/HelloControllerTest-context.xml] does not exist
13:52:22.173 [Test worker] DEBUG org.springframework.test.context.support.AbstractContextLoader - Did not detect default resource location for test class [com.jojoIde.book.springboot.web.HelloControllerTest]: class path resource [com/jojoIde/book/springboot/web/HelloControllerTestContext.groovy] does not exist
13:52:22.173 [Test worker] INFO org.springframework.test.context.support.AbstractContextLoader - Could not detect default resource locations for test class [com.jojoIde.book.springboot.web.HelloControllerTest]: no resource found for suffixes {-context.xml, Context.groovy}.
13:52:22.174 [Test worker] INFO org.springframework.test.context.support.AnnotationConfigContextLoaderUtils - Could not detect default configuration classes for test class [com.jojoIde.book.springboot.web.HelloControllerTest]: HelloControllerTest does not declare any static, non-private, non-final, nested classes annotated with @Configuration.
13:52:22.242 [Test worker] DEBUG org.springframework.test.context.support.ActiveProfilesUtils - Could not find an 'annotation declaring class' for annotation type [org.springframework.test.context.ActiveProfiles] and class [com.jojoIde.book.springboot.web.HelloControllerTest]
13:52:22.321 [Test worker] DEBUG org.springframework.context.annotation.ClassPathScanningCandidateComponentProvider - Identified candidate component class: file [D:\expworkspace\build\classes\java\main\com\jojoIde\book\springboot\Application.class]
13:52:22.323 [Test worker] INFO org.springframework.boot.test.context.SpringBootTestContextBootstrapper - Found @SpringBootConfiguration com.jojoIde.book.springboot.Application for test class com.jojoIde.book.springboot.web.HelloControllerTest
13:52:22.325 [Test worker] DEBUG org.springframework.boot.test.autoconfigure.web.servlet.WebMvcTestContextBootstrapper - @TestExecutionListeners is not present for class [com.jojoIde.book.springboot.web.HelloControllerTest]: using defaults.
13:52:22.326 [Test worker] INFO org.springframework.boot.test.autoconfigure.web.servlet.WebMvcTestContextBootstrapper - Loaded default TestExecutionListener class names from location [META-INF/spring.factories]: [org.springframework.security.test.context.support.WithSecurityContextTestExecutionListener, org.springframework.security.test.context.support.ReactorContextTestExecutionListener, org.springframework.boot.test.autoconfigure.restdocs.RestDocsTestExecutionListener, org.springframework.boot.test.autoconfigure.web.client.MockRestServiceServerResetTestExecutionListener, org.springframework.boot.test.autoconfigure.web.servlet.MockMvcPrintOnlyOnFailureTestExecutionListener, org.springframework.boot.test.autoconfigure.web.servlet.WebDriverTestExecutionListener, org.springframework.boot.test.mock.mockito.MockitoTestExecutionListener, org.springframework.boot.test.mock.mockito.ResetMocksTestExecutionListener, org.springframework.test.context.web.ServletTestExecutionListener, org.springframework.test.context.support.DirtiesContextBeforeModesTestExecutionListener, org.springframework.test.context.support.DependencyInjectionTestExecutionListener, org.springframework.test.context.support.DirtiesContextTestExecutionListener, org.springframework.test.context.transaction.TransactionalTestExecutionListener, org.springframework.test.context.jdbc.SqlScriptsTestExecutionListener]
13:52:22.351 [Test worker] INFO org.springframework.boot.test.autoconfigure.web.servlet.WebMvcTestContextBootstrapper - Using TestExecutionListeners: [org.springframework.test.context.web.ServletTestExecutionListener@42b48be5, org.springframework.test.context.support.DirtiesContextBeforeModesTestExecutionListener@355e6b8a, org.springframework.boot.test.mock.mockito.MockitoTestExecutionListener@15679b67, org.springframework.boot.test.autoconfigure.SpringBootDependencyInjectionTestExecutionListener@1d6edabc, org.springframework.test.context.support.DirtiesContextTestExecutionListener@7b639157, org.springframework.test.context.transaction.TransactionalTestExecutionListener@3da7b78a, org.springframework.test.context.jdbc.SqlScriptsTestExecutionListener@1432affa, org.springframework.security.test.context.support.WithSecurityContextTestExecutionListener@7fe22cfa, org.springframework.security.test.context.support.ReactorContextTestExecutionListener@18ece378, org.springframework.boot.test.autoconfigure.restdocs.RestDocsTestExecutionListener@18f70c08, org.springframework.boot.test.autoconfigure.web.client.MockRestServiceServerResetTestExecutionListener@193b2d93, org.springframework.boot.test.autoconfigure.web.servlet.MockMvcPrintOnlyOnFailureTestExecutionListener@77d057b2, org.springframework.boot.test.autoconfigure.web.servlet.WebDriverTestExecutionListener@8d88d13, org.springframework.boot.test.mock.mockito.ResetMocksTestExecutionListener@286f474c]
13:52:22.354 [Test worker] DEBUG org.springframework.test.annotation.ProfileValueUtils - Retrieved @ProfileValueSourceConfiguration [null] for test class [com.jojoIde.book.springboot.web.HelloControllerTest]
13:52:22.355 [Test worker] DEBUG org.springframework.test.annotation.ProfileValueUtils - Retrieved ProfileValueSource type [class org.springframework.test.annotation.SystemProfileValueSource] for class [com.jojoIde.book.springboot.web.HelloControllerTest]
13:52:22.356 [Test worker] DEBUG org.springframework.test.annotation.ProfileValueUtils - Retrieved @ProfileValueSourceConfiguration [null] for test class [com.jojoIde.book.springboot.web.HelloControllerTest]
13:52:22.356 [Test worker] DEBUG org.springframework.test.annotation.ProfileValueUtils - Retrieved ProfileValueSource type [class org.springframework.test.annotation.SystemProfileValueSource] for class [com.jojoIde.book.springboot.web.HelloControllerTest]
13:52:22.362 [Test worker] DEBUG org.springframework.test.context.support.AbstractDirtiesContextTestExecutionListener - Before test class: context [DefaultTestContext@6337a8cd testClass = HelloControllerTest, testInstance = [null], testMethod = [null], testException = [null], mergedContextConfiguration = [WebMergedContextConfiguration@2402fa3e testClass = HelloControllerTest, locations = '{}', classes = '{class com.jojoIde.book.springboot.Application}', contextInitializerClasses = '[]', activeProfiles = '{}', propertySourceLocations = '{}', propertySourceProperties = '{org.springframework.boot.test.autoconfigure.web.servlet.WebMvcTestContextBootstrapper=true}', contextCustomizers = set[org.springframework.boot.test.autoconfigure.OverrideAutoConfigurationContextCustomizerFactory$DisableAutoConfigurationContextCustomizer@1fae90ac, org.springframework.boot.test.autoconfigure.filter.TypeExcludeFiltersContextCustomizer@8aa7827b, org.springframework.boot.test.autoconfigure.properties.PropertyMappingContextCustomizer@a252f671, org.springframework.boot.test.autoconfigure.web.servlet.WebDriverContextCustomizerFactory$Customizer@3753ae39, [ImportsContextCustomizer@24182805 key = [org.springframework.boot.autoconfigure.cache.CacheAutoConfiguration, org.springframework.boot.autoconfigure.context.MessageSourceAutoConfiguration, org.springframework.boot.autoconfigure.data.web.SpringDataWebAutoConfiguration, org.springframework.boot.autoconfigure.freemarker.FreeMarkerAutoConfiguration, org.springframework.boot.autoconfigure.groovy.template.GroovyTemplateAutoConfiguration, org.springframework.boot.autoconfigure.gson.GsonAutoConfiguration, org.springframework.boot.autoconfigure.hateoas.HypermediaAutoConfiguration, org.springframework.boot.autoconfigure.http.HttpMessageConvertersAutoConfiguration, org.springframework.boot.autoconfigure.jackson.JacksonAutoConfiguration, org.springframework.boot.autoconfigure.jsonb.JsonbAutoConfiguration, org.springframework.boot.autoconfigure.mustache.MustacheAutoConfiguration, org.springframework.boot.autoconfigure.task.TaskExecutionAutoConfiguration, org.springframework.boot.autoconfigure.thymeleaf.ThymeleafAutoConfiguration, org.springframework.boot.autoconfigure.validation.ValidationAutoConfiguration, org.springframework.boot.autoconfigure.web.servlet.error.ErrorMvcAutoConfiguration, org.springframework.boot.autoconfigure.web.servlet.WebMvcAutoConfiguration, org.springframework.boot.test.autoconfigure.web.servlet.MockMvcAutoConfiguration, org.springframework.boot.test.autoconfigure.web.servlet.MockMvcSecurityAutoConfiguration, org.springframework.boot.test.autoconfigure.web.servlet.MockMvcWebClientAutoConfiguration, org.springframework.boot.test.autoconfigure.web.servlet.MockMvcWebDriverAutoConfiguration]], org.springframework.boot.test.context.filter.ExcludeFilterContextCustomizer@644bed4b, org.springframework.boot.test.json.DuplicateJsonObjectContextCustomizerFactory$DuplicateJsonObjectContextCustomizer@445b705d, org.springframework.boot.test.mock.mockito.MockitoContextCustomizer@0], resourceBasePath = 'src/main/webapp', contextLoader = 'org.springframework.boot.test.context.SpringBootContextLoader', parent = [null]], attributes = map[[empty]]], class annotated with @DirtiesContext [false] with mode [null].
13:52:22.363 [Test worker] DEBUG org.springframework.test.annotation.ProfileValueUtils - Retrieved @ProfileValueSourceConfiguration [null] for test class [com.jojoIde.book.springboot.web.HelloControllerTest]
13:52:22.363 [Test worker] DEBUG org.springframework.test.annotation.ProfileValueUtils - Retrieved ProfileValueSource type [class org.springframework.test.annotation.SystemProfileValueSource] for class [com.jojoIde.book.springboot.web.HelloControllerTest]
13:52:22.367 [Test worker] DEBUG org.springframework.test.context.support.DependencyInjectionTestExecutionListener - Performing dependency injection for test context [[DefaultTestContext@6337a8cd testClass = HelloControllerTest, testInstance = com.jojoIde.book.springboot.web.HelloControllerTest@23667a4c, testMethod = [null], testException = [null], mergedContextConfiguration = [WebMergedContextConfiguration@2402fa3e testClass = HelloControllerTest, locations = '{}', classes = '{class com.jojoIde.book.springboot.Application}', contextInitializerClasses = '[]', activeProfiles = '{}', propertySourceLocations = '{}', propertySourceProperties = '{org.springframework.boot.test.autoconfigure.web.servlet.WebMvcTestContextBootstrapper=true}', contextCustomizers = set[org.springframework.boot.test.autoconfigure.OverrideAutoConfigurationContextCustomizerFactory$DisableAutoConfigurationContextCustomizer@1fae90ac, org.springframework.boot.test.autoconfigure.filter.TypeExcludeFiltersContextCustomizer@8aa7827b, org.springframework.boot.test.autoconfigure.properties.PropertyMappingContextCustomizer@a252f671, org.springframework.boot.test.autoconfigure.web.servlet.WebDriverContextCustomizerFactory$Customizer@3753ae39, [ImportsContextCustomizer@24182805 key = [org.springframework.boot.autoconfigure.cache.CacheAutoConfiguration, org.springframework.boot.autoconfigure.context.MessageSourceAutoConfiguration, org.springframework.boot.autoconfigure.data.web.SpringDataWebAutoConfiguration, org.springframework.boot.autoconfigure.freemarker.FreeMarkerAutoConfiguration, org.springframework.boot.autoconfigure.groovy.template.GroovyTemplateAutoConfiguration, org.springframework.boot.autoconfigure.gson.GsonAutoConfiguration, org.springframework.boot.autoconfigure.hateoas.HypermediaAutoConfiguration, org.springframework.boot.autoconfigure.http.HttpMessageConvertersAutoConfiguration, org.springframework.boot.autoconfigure.jackson.JacksonAutoConfiguration, org.springframework.boot.autoconfigure.jsonb.JsonbAutoConfiguration, org.springframework.boot.autoconfigure.mustache.MustacheAutoConfiguration, org.springframework.boot.autoconfigure.task.TaskExecutionAutoConfiguration, org.springframework.boot.autoconfigure.thymeleaf.ThymeleafAutoConfiguration, org.springframework.boot.autoconfigure.validation.ValidationAutoConfiguration, org.springframework.boot.autoconfigure.web.servlet.error.ErrorMvcAutoConfiguration, org.springframework.boot.autoconfigure.web.servlet.WebMvcAutoConfiguration, org.springframework.boot.test.autoconfigure.web.servlet.MockMvcAutoConfiguration, org.springframework.boot.test.autoconfigure.web.servlet.MockMvcSecurityAutoConfiguration, org.springframework.boot.test.autoconfigure.web.servlet.MockMvcWebClientAutoConfiguration, org.springframework.boot.test.autoconfigure.web.servlet.MockMvcWebDriverAutoConfiguration]], org.springframework.boot.test.context.filter.ExcludeFilterContextCustomizer@644bed4b, org.springframework.boot.test.json.DuplicateJsonObjectContextCustomizerFactory$DuplicateJsonObjectContextCustomizer@445b705d, org.springframework.boot.test.mock.mockito.MockitoContextCustomizer@0], resourceBasePath = 'src/main/webapp', contextLoader = 'org.springframework.boot.test.context.SpringBootContextLoader', parent = [null]], attributes = map[[empty]]]].
13:52:22.497 [Test worker] DEBUG org.springframework.test.context.support.TestPropertySourceUtils - Adding inlined properties to environment: {spring.jmx.enabled=false, org.springframework.boot.test.autoconfigure.web.servlet.WebMvcTestContextBootstrapper=true, server.port=-1}

  .   ____          _            __ _ _
 /\\ / ___'_ __ _ _(_)_ __  __ _ \ \ \ \
( ( )\___ | '_ | '_| | '_ \/ _` | \ \ \ \
 \\/  ___)| |_)| | | | | || (_| |  ) ) ) )
  '  |____| .__|_| |_|_| |_\__, | / / / /
 =========|_|==============|___/=/_/_/_/
 :: Spring Boot ::        (v2.1.7.RELEASE)

2020-02-19 13:52:22.759  INFO 20624 --- [    Test worker] c.j.b.s.web.HelloControllerTest          : Starting HelloControllerTest on DESKTOP-E51B16S with PID 20624 (started by SEO in D:\expworkspace)
2020-02-19 13:52:22.763  INFO 20624 --- [    Test worker] c.j.b.s.web.HelloControllerTest          : No active profile set, falling back to default profiles: default
2020-02-19 13:52:24.156  INFO 20624 --- [    Test worker] o.s.s.concurrent.ThreadPoolTaskExecutor  : Initializing ExecutorService 'applicationTaskExecutor'
2020-02-19 13:52:24.244  INFO 20624 --- [    Test worker] o.s.b.a.w.s.WelcomePageHandlerMapping    : Adding welcome page template: index
2020-02-19 13:52:24.559  INFO 20624 --- [    Test worker] .s.s.UserDetailsServiceAutoConfiguration : 

Using generated security password: 4609de04-524d-4ca0-a6ef-92005ac77f6d

2020-02-19 13:52:24.832  INFO 20624 --- [    Test worker] o.s.s.web.DefaultSecurityFilterChain     : Creating filter chain: any request, [org.springframework.security.web.context.request.async.WebAsyncManagerIntegrationFilter@16ea9bda, org.springframework.security.web.context.SecurityContextPersistenceFilter@6ad94e1e, org.springframework.security.web.header.HeaderWriterFilter@5c2ce33a, org.springframework.security.web.csrf.CsrfFilter@6c63c607, org.springframework.security.web.authentication.logout.LogoutFilter@64df05d3, org.springframework.security.web.authentication.UsernamePasswordAuthenticationFilter@606a2543, org.springframework.security.web.authentication.ui.DefaultLoginPageGeneratingFilter@24186cf1, org.springframework.security.web.authentication.ui.DefaultLogoutPageGeneratingFilter@32a1189c, org.springframework.security.web.authentication.www.BasicAuthenticationFilter@61203b0e, org.springframework.security.web.savedrequest.RequestCacheAwareFilter@28377721, org.springframework.security.web.servletapi.SecurityContextHolderAwareRequestFilter@695d280b, org.springframework.security.web.authentication.AnonymousAuthenticationFilter@5d1239fa, org.springframework.security.web.session.SessionManagementFilter@2eaf2c69, org.springframework.security.web.access.ExceptionTranslationFilter@52680d41, org.springframework.security.web.access.intercept.FilterSecurityInterceptor@9df1d5b]
2020-02-19 13:52:24.882  INFO 20624 --- [    Test worker] o.s.b.t.m.w.SpringBootMockServletContext : Initializing Spring TestDispatcherServlet ''
2020-02-19 13:52:24.883  INFO 20624 --- [    Test worker] o.s.t.web.servlet.TestDispatcherServlet  : Initializing Servlet ''
2020-02-19 13:52:24.900  INFO 20624 --- [    Test worker] o.s.t.web.servlet.TestDispatcherServlet  : Completed initialization in 17 ms
2020-02-19 13:52:24.952  INFO 20624 --- [    Test worker] c.j.b.s.web.HelloControllerTest          : Started HelloControllerTest in 2.446 seconds (JVM running for 3.669)
]]></system-out>
  <system-err><![CDATA[]]></system-err>
</testsuite>
